<?xml version="1.0" encoding="UTF-8"?>
<!-- Generated by org.testng.reporters.JUnitReportReporter -->
<testsuite hostname="DESKTOP-GUK9D9E" failures="0" tests="4" name="Tests.SanityTest" time="18.866" errors="0" timestamp="2021-01-19T12:34:33 IST" skipped="0">
  <testcase classname="Tests.SanityTest" name="starting" time="0.065"/>
  <system-out/>
  <testcase classname="Tests.SanityTest" name="filUpQuestionsAndAnswers" time="10.308"/>
  <system-out/>
  <testcase classname="Tests.SanityTest" name="startTheTriviaGame" time="0.049"/>
  <system-out/>
  <testcase classname="Tests.SanityTest" name="answerQuestions" time="8.444"/>
  <system-out/>
</testsuite> <!-- Tests.SanityTest -->
