<?xml version="1.0" encoding="UTF-8"?>
<!-- Generated by org.testng.reporters.JUnitReportReporter -->
<testsuite hostname="DESKTOP-GUK9D9E" failures="0" tests="2" name="Tests.Functionality" time="10.239" errors="0" timestamp="2021-01-15T14:54:10 IST" skipped="0">
  <testcase classname="Tests.Functionality" name="starting" time="0.069"/>
  <system-out/>
  <testcase classname="Tests.Functionality" name="insertDifrentCharsInQuationFiled" time="10.170"/>
  <system-out/>
</testsuite> <!-- Tests.Functionality -->
